Build started 9/24/2011 11:05:31 PM.
     1>Project "C:\Users\domenic\Thesis\Assignment1_VS2010\Image.vcxproj" on node 3 (build target(s)).
     1>InitializeBuildStatus:
         Creating "Debug\Image.unsuccessfulbuild" because "AlwaysCreate" was specified.
       ClCompile:
         c:\Program Files (x86)\Microsoft Visual Studio 10.0\VC\bin\CL.exe /c /I. /ZI /nologo /W3 /WX- /Od /Oy- /D WIN32 /D _DEBUG /D _CONSOLE /D _VC80_UPGRADE=0x0600 /D _MBCS /Gm /EHsc /RTC1 /MTd /GS /fp:precise /Zc:wchar_t /Zc:forScope /Fo"Debug\\" /Fd"Debug\vc100.pdb" /Gd /TP /analyze- /errorReport:prompt Image\image.todo.cpp
         image.todo.cpp
     1>c:\users\domenic\thesis\assignment1_vs2010\image\image.todo.cpp(29): warning C4244: 'argument' : conversion from 'time_t' to 'unsigned int', possible loss of data
     1>c:\users\domenic\thesis\assignment1_vs2010\image\image.todo.cpp(57): warning C4244: '=' : conversion from 'float' to 'unsigned char', possible loss of data
     1>c:\users\domenic\thesis\assignment1_vs2010\image\image.todo.cpp(58): warning C4244: '=' : conversion from 'float' to 'unsigned char', possible loss of data
     1>c:\users\domenic\thesis\assignment1_vs2010\image\image.todo.cpp(59): warning C4244: '=' : conversion from 'float' to 'unsigned char', possible loss of data
     1>c:\users\domenic\thesis\assignment1_vs2010\image\image.todo.cpp(91): warning C4244: '=' : conversion from 'float' to 'unsigned char', possible loss of data
     1>c:\users\domenic\thesis\assignment1_vs2010\image\image.todo.cpp(92): warning C4244: '=' : conversion from 'float' to 'unsigned char', possible loss of data
     1>c:\users\domenic\thesis\assignment1_vs2010\image\image.todo.cpp(93): warning C4244: '=' : conversion from 'float' to 'unsigned char', possible loss of data
     1>c:\users\domenic\thesis\assignment1_vs2010\image\image.todo.cpp(115): warning C4244: 'initializing' : conversion from 'double' to 'float', possible loss of data
     1>c:\users\domenic\thesis\assignment1_vs2010\image\image.todo.cpp(127): warning C4244: '=' : conversion from 'float' to 'unsigned char', possible loss of data
     1>c:\users\domenic\thesis\assignment1_vs2010\image\image.todo.cpp(128): warning C4244: '=' : conversion from 'float' to 'unsigned char', possible loss of data
     1>c:\users\domenic\thesis\assignment1_vs2010\image\image.todo.cpp(129): warning C4244: '=' : conversion from 'float' to 'unsigned char', possible loss of data
     1>c:\users\domenic\thesis\assignment1_vs2010\image\image.todo.cpp(153): warning C4244: '+=' : conversion from 'double' to 'float', possible loss of data
     1>c:\users\domenic\thesis\assignment1_vs2010\image\image.todo.cpp(180): warning C4244: '=' : conversion from 'float' to 'unsigned char', possible loss of data
     1>c:\users\domenic\thesis\assignment1_vs2010\image\image.todo.cpp(181): warning C4244: '=' : conversion from 'float' to 'unsigned char', possible loss of data
     1>c:\users\domenic\thesis\assignment1_vs2010\image\image.todo.cpp(182): warning C4244: '=' : conversion from 'float' to 'unsigned char', possible loss of data
     1>c:\users\domenic\thesis\assignment1_vs2010\image\image.todo.cpp(217): warning C4244: '=' : conversion from 'float' to 'unsigned char', possible loss of data
     1>c:\users\domenic\thesis\assignment1_vs2010\image\image.todo.cpp(218): warning C4244: '=' : conversion from 'float' to 'unsigned char', possible loss of data
     1>c:\users\domenic\thesis\assignment1_vs2010\image\image.todo.cpp(219): warning C4244: '=' : conversion from 'float' to 'unsigned char', possible loss of data
     1>c:\users\domenic\thesis\assignment1_vs2010\image\image.todo.cpp(231): warning C4244: 'initializing' : conversion from 'double' to 'float', possible loss of data
     1>c:\users\domenic\thesis\assignment1_vs2010\image\image.todo.cpp(246): warning C4244: '=' : conversion from 'double' to 'float', possible loss of data
     1>c:\users\domenic\thesis\assignment1_vs2010\image\image.todo.cpp(247): warning C4244: '=' : conversion from 'double' to 'float', possible loss of data
     1>c:\users\domenic\thesis\assignment1_vs2010\image\image.todo.cpp(248): warning C4244: '=' : conversion from 'double' to 'float', possible loss of data
     1>c:\users\domenic\thesis\assignment1_vs2010\image\image.todo.cpp(257): warning C4244: '=' : conversion from 'float' to 'unsigned char', possible loss of data
     1>c:\users\domenic\thesis\assignment1_vs2010\image\image.todo.cpp(258): warning C4244: '=' : conversion from 'float' to 'unsigned char', possible loss of data
     1>c:\users\domenic\thesis\assignment1_vs2010\image\image.todo.cpp(259): warning C4244: '=' : conversion from 'float' to 'unsigned char', possible loss of data
     1>c:\users\domenic\thesis\assignment1_vs2010\image\image.todo.cpp(269): warning C4244: '=' : conversion from 'double' to 'float', possible loss of data
     1>c:\users\domenic\thesis\assignment1_vs2010\image\image.todo.cpp(282): warning C4244: 'initializing' : conversion from 'double' to 'float', possible loss of data
     1>c:\users\domenic\thesis\assignment1_vs2010\image\image.todo.cpp(300): warning C4244: 'initializing' : conversion from 'double' to 'float', possible loss of data
     1>c:\users\domenic\thesis\assignment1_vs2010\image\image.todo.cpp(301): warning C4244: 'initializing' : conversion from 'double' to 'float', possible loss of data
     1>c:\users\domenic\thesis\assignment1_vs2010\image\image.todo.cpp(302): warning C4244: 'initializing' : conversion from 'double' to 'float', possible loss of data
     1>c:\users\domenic\thesis\assignment1_vs2010\image\image.todo.cpp(324): warning C4244: '=' : conversion from 'float' to 'unsigned char', possible loss of data
     1>c:\users\domenic\thesis\assignment1_vs2010\image\image.todo.cpp(325): warning C4244: '=' : conversion from 'float' to 'unsigned char', possible loss of data
     1>c:\users\domenic\thesis\assignment1_vs2010\image\image.todo.cpp(326): warning C4244: '=' : conversion from 'float' to 'unsigned char', possible loss of data
     1>c:\users\domenic\thesis\assignment1_vs2010\image\image.todo.cpp(337): warning C4244: 'initializing' : conversion from 'double' to 'float', possible loss of data
     1>c:\users\domenic\thesis\assignment1_vs2010\image\image.todo.cpp(358): warning C4244: '=' : conversion from 'double' to 'float', possible loss of data
     1>c:\users\domenic\thesis\assignment1_vs2010\image\image.todo.cpp(359): warning C4244: '=' : conversion from 'double' to 'float', possible loss of data
     1>c:\users\domenic\thesis\assignment1_vs2010\image\image.todo.cpp(360): warning C4244: '=' : conversion from 'double' to 'float', possible loss of data
     1>c:\users\domenic\thesis\assignment1_vs2010\image\image.todo.cpp(445): warning C4244: '=' : conversion from 'float' to 'unsigned char', possible loss of data
     1>c:\users\domenic\thesis\assignment1_vs2010\image\image.todo.cpp(446): warning C4244: '=' : conversion from 'float' to 'unsigned char', possible loss of data
     1>c:\users\domenic\thesis\assignment1_vs2010\image\image.todo.cpp(447): warning C4244: '=' : conversion from 'float' to 'unsigned char', possible loss of data
     1>c:\users\domenic\thesis\assignment1_vs2010\image\image.todo.cpp(449): warning C4244: '=' : conversion from 'float' to 'unsigned char', possible loss of data
     1>c:\users\domenic\thesis\assignment1_vs2010\image\image.todo.cpp(450): warning C4244: '=' : conversion from 'float' to 'unsigned char', possible loss of data
     1>c:\users\domenic\thesis\assignment1_vs2010\image\image.todo.cpp(451): warning C4244: '=' : conversion from 'float' to 'unsigned char', possible loss of data
     1>c:\users\domenic\thesis\assignment1_vs2010\image\image.todo.cpp(453): warning C4244: '=' : conversion from 'float' to 'unsigned char', possible loss of data
     1>c:\users\domenic\thesis\assignment1_vs2010\image\image.todo.cpp(454): warning C4244: '=' : conversion from 'float' to 'unsigned char', possible loss of data
     1>c:\users\domenic\thesis\assignment1_vs2010\image\image.todo.cpp(455): warning C4244: '=' : conversion from 'float' to 'unsigned char', possible loss of data
     1>c:\users\domenic\thesis\assignment1_vs2010\image\image.todo.cpp(457): warning C4244: '=' : conversion from 'float' to 'unsigned char', possible loss of data
     1>c:\users\domenic\thesis\assignment1_vs2010\image\image.todo.cpp(458): warning C4244: '=' : conversion from 'float' to 'unsigned char', possible loss of data
     1>c:\users\domenic\thesis\assignment1_vs2010\image\image.todo.cpp(459): warning C4244: '=' : conversion from 'float' to 'unsigned char', possible loss of data
     1>c:\users\domenic\thesis\assignment1_vs2010\image\image.todo.cpp(461): warning C4244: '=' : conversion from 'float' to 'unsigned char', possible loss of data
     1>c:\users\domenic\thesis\assignment1_vs2010\image\image.todo.cpp(462): warning C4244: '=' : conversion from 'float' to 'unsigned char', possible loss of data
     1>c:\users\domenic\thesis\assignment1_vs2010\image\image.todo.cpp(463): warning C4244: '=' : conversion from 'float' to 'unsigned char', possible loss of data
     1>c:\users\domenic\thesis\assignment1_vs2010\image\image.todo.cpp(537): warning C4244: '=' : conversion from 'float' to 'unsigned char', possible loss of data
     1>c:\users\domenic\thesis\assignment1_vs2010\image\image.todo.cpp(538): warning C4244: '=' : conversion from 'float' to 'unsigned char', possible loss of data
     1>c:\users\domenic\thesis\assignment1_vs2010\image\image.todo.cpp(539): warning C4244: '=' : conversion from 'float' to 'unsigned char', possible loss of data
     1>c:\users\domenic\thesis\assignment1_vs2010\image\image.todo.cpp(613): warning C4244: '=' : conversion from 'float' to 'unsigned char', possible loss of data
     1>c:\users\domenic\thesis\assignment1_vs2010\image\image.todo.cpp(614): warning C4244: '=' : conversion from 'float' to 'unsigned char', possible loss of data
     1>c:\users\domenic\thesis\assignment1_vs2010\image\image.todo.cpp(615): warning C4244: '=' : conversion from 'float' to 'unsigned char', possible loss of data
     1>c:\users\domenic\thesis\assignment1_vs2010\image\image.todo.cpp(624): warning C4244: 'initializing' : conversion from 'const float' to 'int', possible loss of data
     1>c:\users\domenic\thesis\assignment1_vs2010\image\image.todo.cpp(625): warning C4244: 'initializing' : conversion from 'const float' to 'int', possible loss of data
     1>c:\users\domenic\thesis\assignment1_vs2010\image\image.todo.cpp(644): warning C4244: 'initializing' : conversion from 'const float' to 'int', possible loss of data
     1>c:\users\domenic\thesis\assignment1_vs2010\image\image.todo.cpp(645): warning C4244: 'initializing' : conversion from 'const float' to 'int', possible loss of data
     1>c:\users\domenic\thesis\assignment1_vs2010\image\image.todo.cpp(667): warning C4244: 'initializing' : conversion from 'const float' to 'int', possible loss of data
     1>c:\users\domenic\thesis\assignment1_vs2010\image\image.todo.cpp(668): warning C4244: 'initializing' : conversion from 'const float' to 'int', possible loss of data
     1>c:\users\domenic\thesis\assignment1_vs2010\image\image.todo.cpp(687): warning C4244: 'initializing' : conversion from 'int' to 'float', possible loss of data
     1>c:\users\domenic\thesis\assignment1_vs2010\image\image.todo.cpp(688): warning C4244: 'initializing' : conversion from 'int' to 'float', possible loss of data
     1>c:\users\domenic\thesis\assignment1_vs2010\image\image.todo.cpp(692): warning C4244: 'initializing' : conversion from 'double' to 'float', possible loss of data
     1>c:\users\domenic\thesis\assignment1_vs2010\image\image.todo.cpp(695): warning C4244: 'initializing' : conversion from 'int' to 'float', possible loss of data
     1>c:\users\domenic\thesis\assignment1_vs2010\image\image.todo.cpp(696): warning C4244: 'initializing' : conversion from 'int' to 'float', possible loss of data
     1>c:\users\domenic\thesis\assignment1_vs2010\image\image.todo.cpp(716): warning C4244: 'argument' : conversion from 'float' to 'const int', possible loss of data
     1>c:\users\domenic\thesis\assignment1_vs2010\image\image.todo.cpp(716): warning C4244: 'argument' : conversion from 'float' to 'const int', possible loss of data
     1>c:\users\domenic\thesis\assignment1_vs2010\image\image.todo.cpp(719): warning C4244: 'initializing' : conversion from 'float' to 'int', possible loss of data
     1>c:\users\domenic\thesis\assignment1_vs2010\image\image.todo.cpp(720): warning C4244: 'initializing' : conversion from 'float' to 'int', possible loss of data
     1>c:\users\domenic\thesis\assignment1_vs2010\image\image.todo.cpp(753): warning C4244: 'initializing' : conversion from 'int' to 'float', possible loss of data
     1>c:\users\domenic\thesis\assignment1_vs2010\image\image.todo.cpp(754): warning C4244: 'initializing' : conversion from 'int' to 'float', possible loss of data
     1>c:\users\domenic\thesis\assignment1_vs2010\image\image.todo.cpp(758): warning C4244: 'initializing' : conversion from 'double' to 'float', possible loss of data
     1>c:\users\domenic\thesis\assignment1_vs2010\image\image.todo.cpp(761): warning C4244: 'initializing' : conversion from 'int' to 'float', possible loss of data
     1>c:\users\domenic\thesis\assignment1_vs2010\image\image.todo.cpp(762): warning C4244: 'initializing' : conversion from 'int' to 'float', possible loss of data
     1>c:\users\domenic\thesis\assignment1_vs2010\image\image.todo.cpp(782): warning C4244: 'argument' : conversion from 'float' to 'const int', possible loss of data
     1>c:\users\domenic\thesis\assignment1_vs2010\image\image.todo.cpp(782): warning C4244: 'argument' : conversion from 'float' to 'const int', possible loss of data
     1>c:\users\domenic\thesis\assignment1_vs2010\image\image.todo.cpp(785): warning C4244: 'initializing' : conversion from 'float' to 'int', possible loss of data
     1>c:\users\domenic\thesis\assignment1_vs2010\image\image.todo.cpp(786): warning C4244: 'initializing' : conversion from 'float' to 'int', possible loss of data
     1>c:\users\domenic\thesis\assignment1_vs2010\image\image.todo.cpp(819): warning C4244: 'initializing' : conversion from 'int' to 'float', possible loss of data
     1>c:\users\domenic\thesis\assignment1_vs2010\image\image.todo.cpp(820): warning C4244: 'initializing' : conversion from 'int' to 'float', possible loss of data
     1>c:\users\domenic\thesis\assignment1_vs2010\image\image.todo.cpp(827): warning C4244: 'initializing' : conversion from 'double' to 'float', possible loss of data
     1>c:\users\domenic\thesis\assignment1_vs2010\image\image.todo.cpp(830): warning C4244: 'initializing' : conversion from 'int' to 'float', possible loss of data
     1>c:\users\domenic\thesis\assignment1_vs2010\image\image.todo.cpp(831): warning C4244: 'initializing' : conversion from 'int' to 'float', possible loss of data
     1>c:\users\domenic\thesis\assignment1_vs2010\image\image.todo.cpp(851): warning C4244: 'argument' : conversion from 'float' to 'const int', possible loss of data
     1>c:\users\domenic\thesis\assignment1_vs2010\image\image.todo.cpp(851): warning C4244: 'argument' : conversion from 'float' to 'const int', possible loss of data
     1>c:\users\domenic\thesis\assignment1_vs2010\image\image.todo.cpp(854): warning C4244: 'initializing' : conversion from 'float' to 'int', possible loss of data
     1>c:\users\domenic\thesis\assignment1_vs2010\image\image.todo.cpp(855): warning C4244: 'initializing' : conversion from 'float' to 'int', possible loss of data
     1>c:\users\domenic\thesis\assignment1_vs2010\image\image.todo.cpp(1032): warning C4244: 'initializing' : conversion from 'double' to 'int', possible loss of data
     1>c:\users\domenic\thesis\assignment1_vs2010\image\image.todo.cpp(1033): warning C4244: 'initializing' : conversion from 'double' to 'int', possible loss of data
     1>c:\users\domenic\thesis\assignment1_vs2010\image\image.todo.cpp(1041): warning C4244: 'initializing' : conversion from 'float' to 'int', possible loss of data
     1>c:\users\domenic\thesis\assignment1_vs2010\image\image.todo.cpp(1044): warning C4244: 'initializing' : conversion from 'float' to 'int', possible loss of data
     1>c:\users\domenic\thesis\assignment1_vs2010\image\image.todo.cpp(1068): warning C4244: '=' : conversion from 'float' to 'unsigned char', possible loss of data
     1>c:\users\domenic\thesis\assignment1_vs2010\image\image.todo.cpp(1069): warning C4244: '=' : conversion from 'float' to 'unsigned char', possible loss of data
     1>c:\users\domenic\thesis\assignment1_vs2010\image\image.todo.cpp(1070): warning C4244: '=' : conversion from 'float' to 'unsigned char', possible loss of data
     1>c:\users\domenic\thesis\assignment1_vs2010\image\image.todo.cpp(1091): warning C4244: 'initializing' : conversion from 'double' to 'float', possible loss of data
     1>c:\users\domenic\thesis\assignment1_vs2010\image\image.todo.cpp(1094): warning C4244: 'initializing' : conversion from 'const float' to 'int', possible loss of data
     1>c:\users\domenic\thesis\assignment1_vs2010\image\image.todo.cpp(1095): warning C4244: 'initializing' : conversion from 'const float' to 'int', possible loss of data
     1>c:\users\domenic\thesis\assignment1_vs2010\image\image.todo.cpp(1125): warning C4244: '=' : conversion from 'float' to 'unsigned char', possible loss of data
     1>c:\users\domenic\thesis\assignment1_vs2010\image\image.todo.cpp(1126): warning C4244: '=' : conversion from 'float' to 'unsigned char', possible loss of data
     1>c:\users\domenic\thesis\assignment1_vs2010\image\image.todo.cpp(1127): warning C4244: '=' : conversion from 'float' to 'unsigned char', possible loss of data
       ManifestResourceCompile:
         All outputs are up-to-date.
       Link:
         c:\Program Files (x86)\Microsoft Visual Studio 10.0\VC\bin\link.exe /ERRORREPORT:PROMPT /OUT:"C:\Users\domenic\Thesis\Assignment1_VS2010\Debug\Image.exe" /INCREMENTAL /NOLOGO odbc32.lib odbccp32.lib kernel32.lib user32.lib gdi32.lib winspool.lib comdlg32.lib advapi32.lib shell32.lib ole32.lib oleaut32.lib uuid.lib odbc32.lib odbccp32.lib /MANIFEST /ManifestFile:"Debug\Image.exe.intermediate.manifest" /MANIFESTUAC:"level='asInvoker' uiAccess='false'" /DEBUG /PDB:"C:\Users\domenic\Thesis\Assignment1_VS2010\Debug\Image.pdb" /SUBSYSTEM:CONSOLE /TLBID:1 /DYNAMICBASE:NO /IMPLIB:"C:\Users\domenic\Thesis\Assignment1_VS2010\Debug\Image.lib" /MACHINE:X86 Debug\Image.exe.embed.manifest.res
         Debug\bmp.obj
         Debug\cmdLineParser.obj
         Debug\image.obj
         Debug\image.todo.obj
         Debug\jpeg.obj
         Debug\lineSegments.obj
         Debug\lineSegments.todo.obj
         Debug\main.obj
         C:\Users\domenic\Thesis\Assignment1_VS2010\Debug\JPEG.lib
       Manifest:
         C:\Program Files (x86)\Microsoft SDKs\Windows\v7.0A\bin\mt.exe /nologo /verbose /out:"Debug\Image.exe.embed.manifest" /manifest Debug\Image.exe.intermediate.manifest
         All outputs are up-to-date.
       LinkEmbedManifest:
         All outputs are up-to-date.
         Image.vcxproj -> C:\Users\domenic\Thesis\Assignment1_VS2010\Debug\Image.exe
       FinalizeBuildStatus:
         Deleting file "Debug\Image.unsuccessfulbuild".
         Touching "Debug\Image.lastbuildstate".
     1>Done Building Project "C:\Users\domenic\Thesis\Assignment1_VS2010\Image.vcxproj" (build target(s)).

Build succeeded.

Time Elapsed 00:00:01.04
