Build started 10/24/2011 10:11:09 PM.
     1>Project "C:\Users\domenic\Thesis\Assignment2\Assignment2.vcxproj" on node 3 (build target(s)).
     1>InitializeBuildStatus:
         Creating "Debug\Assignment2.unsuccessfulbuild" because "AlwaysCreate" was specified.
       ClCompile:
         c:\Program Files (x86)\Microsoft Visual Studio 10.0\VC\bin\CL.exe /c /I. /ZI /nologo /W3 /WX- /Od /Oy- /D _CRT_SECURE_NO_WARNINGS /D _VC80_UPGRADE=0x0600 /D _MBCS /Gm /EHsc /RTC1 /MDd /GS /fp:precise /Zc:wchar_t /Zc:forScope /Fo"Debug\\" /Fd"Debug\vc100.pdb" /Gd /TP /analyze- /errorReport:prompt Ray\rayScene.todo.cpp
         rayScene.todo.cpp
       ManifestResourceCompile:
         All outputs are up-to-date.
       Link:
         c:\Program Files (x86)\Microsoft Visual Studio 10.0\VC\bin\link.exe /ERRORREPORT:PROMPT /OUT:"C:\Users\domenic\Thesis\Assignment2\Debug\Assignment2.exe" /INCREMENTAL /NOLOGO /LIBPATH:. kernel32.lib user32.lib gdi32.lib winspool.lib comdlg32.lib advapi32.lib shell32.lib ole32.lib oleaut32.lib uuid.lib odbc32.lib odbccp32.lib /MANIFEST /ManifestFile:"Debug\Assignment2.exe.intermediate.manifest" /MANIFESTUAC:"level='asInvoker' uiAccess='false'" /DEBUG /PDB:"C:\Users\domenic\Thesis\Assignment2\Debug\Assignment2.pdb" /SUBSYSTEM:CONSOLE /TLBID:1 /DYNAMICBASE:NO /IMPLIB:"C:\Users\domenic\Thesis\Assignment2\Debug\Assignment2.lib" /MACHINE:X86 Debug\Assignment2.exe.embed.manifest.res
         Debug\bmp.obj
         Debug\cmdLineParser.obj
         Debug\geometry.obj
         Debug\geometry.todo.obj
         Debug\image.obj
         Debug\image.todo.obj
         Debug\jpeg.obj
         Debug\lineSegments.obj
         Debug\lineSegments.todo.obj
         Debug\main.obj
         Debug\mouse.obj
         Debug\rayBox.obj
         Debug\rayBox.todo.obj
         Debug\rayCamera.obj
         Debug\rayCamera.todo.obj
         Debug\rayCone.obj
         Debug\rayCone.todo.obj
         Debug\rayCylinder.obj
         Debug\rayCylinder.todo.obj
         Debug\rayDirectionalLight.obj
         Debug\rayDirectionalLight.todo.obj
         Debug\rayFileInstance.obj
         Debug\rayGroup.obj
         Debug\rayGroup.todo.obj
         Debug\rayKey.obj
         Debug\rayPointLight.obj
         Debug\rayPointLight.todo.obj
         Debug\rayScene.obj
         Debug\rayScene.todo.obj
         Debug\raySphere.obj
         Debug\raySphere.todo.obj
         Debug\raySpotLight.obj
         Debug\raySpotLight.todo.obj
         Debug\rayTriangle.obj
         Debug\rayTriangle.todo.obj
         Debug\rayWindow.obj
         Debug\time.obj
         C:\Users\domenic\Thesis\Assignment2\Debug\JPEG.lib
       Manifest:
         C:\Program Files (x86)\Microsoft SDKs\Windows\v7.0A\bin\mt.exe /nologo /verbose /out:"Debug\Assignment2.exe.embed.manifest" /manifest Debug\Assignment2.exe.intermediate.manifest
         All outputs are up-to-date.
       LinkEmbedManifest:
         All outputs are up-to-date.
         Assignment2.vcxproj -> C:\Users\domenic\Thesis\Assignment2\Debug\Assignment2.exe
       FinalizeBuildStatus:
         Deleting file "Debug\Assignment2.unsuccessfulbuild".
         Touching "Debug\Assignment2.lastbuildstate".
     1>Done Building Project "C:\Users\domenic\Thesis\Assignment2\Assignment2.vcxproj" (build target(s)).

Build succeeded.

Time Elapsed 00:00:00.54
