Build started 11/21/2011 10:00:34 PM.
     1>Project "C:\Users\domenic\Thesis\Assignment3\Assignment2.vcxproj" on node 3 (build target(s)).
     1>InitializeBuildStatus:
         Touching "Release\Assignment3.unsuccessfulbuild".
       ClCompile:
         All outputs are up-to-date.
         All outputs are up-to-date.
       Link:
         c:\Program Files (x86)\Microsoft Visual Studio 10.0\VC\bin\link.exe /ERRORREPORT:PROMPT /OUT:"C:\Users\domenic\Thesis\Assignment3\Release\Assignment3.exe" /INCREMENTAL:NO /NOLOGO kernel32.lib user32.lib gdi32.lib winspool.lib comdlg32.lib advapi32.lib shell32.lib ole32.lib oleaut32.lib uuid.lib odbc32.lib odbccp32.lib /MANIFEST /ManifestFile:"Release\Assignment3.exe.intermediate.manifest" /MANIFESTUAC:"level='asInvoker' uiAccess='false'" /PDB:"C:\Users\domenic\Thesis\Assignment3\Release\Assignment3.pdb" /SUBSYSTEM:CONSOLE /TLBID:1 /DYNAMICBASE:NO /IMPLIB:"C:\Users\domenic\Thesis\Assignment3\Release\Assignment3.lib" /MACHINE:X86 Release\cubeTest.obj
         Release\bmp.obj
         Release\cmdLineParser.obj
         Release\geometry.obj
         Release\geometry.todo.obj
         Release\image.obj
         Release\image.todo.obj
         Release\jpeg.obj
         Release\lineSegments.obj
         Release\lineSegments.todo.obj
         Release\main.obj
         Release\mouse.obj
         Release\rayBox.obj
         Release\rayBox.todo.obj
         Release\rayCamera.obj
         Release\rayCamera.todo.obj
         Release\rayCone.obj
         Release\rayCone.todo.obj
         Release\rayCylinder.obj
         Release\rayCylinder.todo.obj
         Release\rayDirectionalLight.obj
         Release\rayDirectionalLight.todo.obj
         Release\rayFileInstance.obj
         Release\rayGroup.obj
         Release\rayGroup.todo.obj
         Release\rayKey.obj
         Release\rayPointLight.obj
         Release\rayPointLight.todo.obj
         Release\rayScene.obj
         Release\rayScene.todo.obj
         Release\raySphere.obj
         Release\raySphere.todo.obj
         Release\raySpotLight.obj
         Release\raySpotLight.todo.obj
         Release\rayTriangle.obj
         Release\rayTriangle.todo.obj
         Release\rayWindow.obj
         Release\time.obj
         C:\Users\domenic\Thesis\Assignment3\Release\JPEG.lib
         Assignment2.vcxproj -> C:\Users\domenic\Thesis\Assignment3\Release\Assignment3.exe
       Manifest:
         c:\Program Files (x86)\Microsoft SDKs\Windows\v7.0A\bin\mt.exe /nologo /verbose /outputresource:"C:\Users\domenic\Thesis\Assignment3\Release\Assignment3.exe;#1" /manifest Release\Assignment3.exe.intermediate.manifest
       FinalizeBuildStatus:
         Deleting file "Release\Assignment3.unsuccessfulbuild".
         Touching "Release\Assignment3.lastbuildstate".
     1>Done Building Project "C:\Users\domenic\Thesis\Assignment3\Assignment2.vcxproj" (build target(s)).

Build succeeded.

Time Elapsed 00:00:00.57
