Build started 9/26/2011 12:59:01 PM.
     1>Project "C:\Users\domenic\Thesis\Assignment2\Assignment2.vcxproj" on node 3 (build target(s)).
     1>InitializeBuildStatus:
         Creating ".\Debug\Assignment2.unsuccessfulbuild" because "AlwaysCreate" was specified.
       ClCompile:
         c:\Program Files (x86)\Microsoft Visual Studio 10.0\VC\bin\CL.exe /c /I. /ZI /nologo /W3 /WX- /Od /Oy- /D _CRT_SECURE_NO_WARNINGS /D _VC80_UPGRADE=0x0600 /D _MBCS /Gm /EHsc /RTC1 /MDd /GS /fp:precise /Zc:wchar_t /Zc:forScope /Fo".\Debug/" /Fd".\Debug/vc100.pdb" /Gd /TP /analyze- /errorReport:prompt Image\bmp.cpp Util\cmdLineParser.cpp Util\geometry.cpp Util\geometry.todo.cpp Image\image.cpp Image\image.todo.cpp Image\jpeg.cpp Image\lineSegments.cpp Image\lineSegments.todo.cpp main.cpp Ray\mouse.cpp Ray\rayBox.cpp Ray\rayBox.todo.cpp Ray\rayCamera.cpp Ray\rayCamera.todo.cpp Ray\rayCone.cpp Ray\rayCone.todo.cpp Ray\rayCylinder.cpp Ray\rayCylinder.todo.cpp Ray\rayDirectionalLight.cpp Ray\rayDirectionalLight.todo.cpp Ray\rayFileInstance.cpp Ray\rayGroup.cpp Ray\rayGroup.todo.cpp Ray\rayKey.cpp Ray\rayPointLight.cpp Ray\rayPointLight.todo.cpp Ray\rayScene.cpp Ray\rayScene.todo.cpp Ray\raySphere.cpp Ray\raySphere.todo.cpp Ray\raySpotLight.cpp Ray\raySpotLight.todo.cpp Ray\rayTriangle.cpp Ray\rayTriangle.todo.cpp Ray\rayWindow.cpp Util\time.cpp
         time.cpp
         rayWindow.cpp
         rayTriangle.todo.cpp
         rayTriangle.cpp
         raySpotLight.todo.cpp
         raySpotLight.cpp
         raySphere.todo.cpp
         raySphere.cpp
         rayScene.todo.cpp
         rayScene.cpp
         rayPointLight.todo.cpp
         rayPointLight.cpp
         rayKey.cpp
         rayGroup.todo.cpp
         rayGroup.cpp
         rayFileInstance.cpp
         rayDirectionalLight.todo.cpp
         rayDirectionalLight.cpp
         rayCylinder.todo.cpp
         rayCylinder.cpp
         Generating Code...
         Compiling...
         rayCone.todo.cpp
         rayCone.cpp
         rayCamera.todo.cpp
         rayCamera.cpp
         rayBox.todo.cpp
         rayBox.cpp
         mouse.cpp
         main.cpp
         lineSegments.todo.cpp
         lineSegments.cpp
         jpeg.cpp
         image.todo.cpp
         image.cpp
         geometry.todo.cpp
         geometry.cpp
         cmdLineParser.cpp
         bmp.cpp
         Generating Code...
       ManifestResourceCompile:
         C:\Program Files (x86)\Microsoft SDKs\Windows\v7.0A\bin\rc.exe /nologo /fo".\Debug\Assignment2.exe.embed.manifest.res" .\Debug\Assignment2_manifest.rc 
     1>C:\Program Files (x86)\MSBuild\Microsoft.Cpp\v4.0\Microsoft.CppBuild.targets(990,5): warning MSB8012: TargetPath(C:\Users\domenic\Thesis\Assignment2\.\Debug\Assignment2.exe) does not match the Linker's OutputFile property value (C:\Users\domenic\Thesis\Assignment2\Assignment2.exe). This may cause your project to build incorrectly. To correct this, please make sure that $(OutDir), $(TargetName) and $(TargetExt) property values match the value specified in %(Link.OutputFile).
       Link:
         c:\Program Files (x86)\Microsoft Visual Studio 10.0\VC\bin\link.exe /ERRORREPORT:PROMPT /OUT:"Assignment2.exe" /INCREMENTAL /NOLOGO /LIBPATH:. kernel32.lib user32.lib gdi32.lib winspool.lib comdlg32.lib advapi32.lib shell32.lib ole32.lib oleaut32.lib uuid.lib odbc32.lib odbccp32.lib /MANIFEST /ManifestFile:".\Debug\Assignment2.exe.intermediate.manifest" /MANIFESTUAC:"level='asInvoker' uiAccess='false'" /DEBUG /PDB:".\Debug/Assignment2.pdb" /SUBSYSTEM:CONSOLE /TLBID:1 /DYNAMICBASE:NO /IMPLIB:".\Debug\Assignment2.lib" /MACHINE:X86 .\Debug\Assignment2.exe.embed.manifest.res
         .\Debug/bmp.obj
         .\Debug/cmdLineParser.obj
         .\Debug/geometry.obj
         .\Debug/geometry.todo.obj
         .\Debug/image.obj
         .\Debug/image.todo.obj
         .\Debug/jpeg.obj
         .\Debug/lineSegments.obj
         .\Debug/lineSegments.todo.obj
         .\Debug/main.obj
         .\Debug/mouse.obj
         .\Debug/rayBox.obj
         .\Debug/rayBox.todo.obj
         .\Debug/rayCamera.obj
         .\Debug/rayCamera.todo.obj
         .\Debug/rayCone.obj
         .\Debug/rayCone.todo.obj
         .\Debug/rayCylinder.obj
         .\Debug/rayCylinder.todo.obj
         .\Debug/rayDirectionalLight.obj
         .\Debug/rayDirectionalLight.todo.obj
         .\Debug/rayFileInstance.obj
         .\Debug/rayGroup.obj
         .\Debug/rayGroup.todo.obj
         .\Debug/rayKey.obj
         .\Debug/rayPointLight.obj
         .\Debug/rayPointLight.todo.obj
         .\Debug/rayScene.obj
         .\Debug/rayScene.todo.obj
         .\Debug/raySphere.obj
         .\Debug/raySphere.todo.obj
         .\Debug/raySpotLight.obj
         .\Debug/raySpotLight.todo.obj
         .\Debug/rayTriangle.obj
         .\Debug/rayTriangle.todo.obj
         .\Debug/rayWindow.obj
         .\Debug/time.obj
         C:\Users\domenic\Thesis\Assignment2\JPEG___Win32_Debug\JPEG.lib
       Manifest:
         C:\Program Files (x86)\Microsoft SDKs\Windows\v7.0A\bin\mt.exe /nologo /verbose /out:".\Debug\Assignment2.exe.embed.manifest" /manifest .\Debug\Assignment2.exe.intermediate.manifest
         C:\Program Files (x86)\Microsoft SDKs\Windows\v7.0A\bin\rc.exe /nologo /fo".\Debug\Assignment2.exe.embed.manifest.res" .\Debug\Assignment2_manifest.rc 
       LinkEmbedManifest:
         c:\Program Files (x86)\Microsoft Visual Studio 10.0\VC\bin\link.exe /ERRORREPORT:PROMPT /OUT:"Assignment2.exe" /INCREMENTAL /NOLOGO /LIBPATH:. kernel32.lib user32.lib gdi32.lib winspool.lib comdlg32.lib advapi32.lib shell32.lib ole32.lib oleaut32.lib uuid.lib odbc32.lib odbccp32.lib /MANIFEST /ManifestFile:".\Debug\Assignment2.exe.intermediate.manifest" /MANIFESTUAC:"level='asInvoker' uiAccess='false'" /DEBUG /PDB:".\Debug/Assignment2.pdb" /SUBSYSTEM:CONSOLE /TLBID:1 /DYNAMICBASE:NO /IMPLIB:".\Debug\Assignment2.lib" /MACHINE:X86 .\Debug\Assignment2.exe.embed.manifest.res
         .\Debug/bmp.obj
         .\Debug/cmdLineParser.obj
         .\Debug/geometry.obj
         .\Debug/geometry.todo.obj
         .\Debug/image.obj
         .\Debug/image.todo.obj
         .\Debug/jpeg.obj
         .\Debug/lineSegments.obj
         .\Debug/lineSegments.todo.obj
         .\Debug/main.obj
         .\Debug/mouse.obj
         .\Debug/rayBox.obj
         .\Debug/rayBox.todo.obj
         .\Debug/rayCamera.obj
         .\Debug/rayCamera.todo.obj
         .\Debug/rayCone.obj
         .\Debug/rayCone.todo.obj
         .\Debug/rayCylinder.obj
         .\Debug/rayCylinder.todo.obj
         .\Debug/rayDirectionalLight.obj
         .\Debug/rayDirectionalLight.todo.obj
         .\Debug/rayFileInstance.obj
         .\Debug/rayGroup.obj
         .\Debug/rayGroup.todo.obj
         .\Debug/rayKey.obj
         .\Debug/rayPointLight.obj
         .\Debug/rayPointLight.todo.obj
         .\Debug/rayScene.obj
         .\Debug/rayScene.todo.obj
         .\Debug/raySphere.obj
         .\Debug/raySphere.todo.obj
         .\Debug/raySpotLight.obj
         .\Debug/raySpotLight.todo.obj
         .\Debug/rayTriangle.obj
         .\Debug/rayTriangle.todo.obj
         .\Debug/rayWindow.obj
         .\Debug/time.obj
         C:\Users\domenic\Thesis\Assignment2\JPEG___Win32_Debug\JPEG.lib
         Assignment2.vcxproj -> C:\Users\domenic\Thesis\Assignment2\.\Debug\Assignment2.exe
       FinalizeBuildStatus:
         Deleting file ".\Debug\Assignment2.unsuccessfulbuild".
         Touching ".\Debug\Assignment2.lastbuildstate".
     1>Done Building Project "C:\Users\domenic\Thesis\Assignment2\Assignment2.vcxproj" (build target(s)).

Build succeeded.

Time Elapsed 00:00:10.38
