Build started 10/23/2011 12:55:11 PM.
     1>Project "C:\Users\domenic\Thesis\Assignment2\Assignment2.vcxproj" on node 3 (build target(s)).
     1>InitializeBuildStatus:
         Creating "Release\Assignment2.unsuccessfulbuild" because "AlwaysCreate" was specified.
       ClCompile:
         c:\Program Files (x86)\Microsoft Visual Studio 10.0\VC\bin\CL.exe /c /I. /Zi /nologo /W3 /WX- /O2 /Ob1 /Oy- /D _CRT_SECURE_NO_WARNINGS /D _VC80_UPGRADE=0x0600 /D _MBCS /GF /Gm- /EHsc /MD /GS /Gy /fp:precise /Zc:wchar_t /Zc:forScope /Fo"Release\\" /Fd"Release\vc100.pdb" /Gd /TP /analyze- /errorReport:prompt Ray\rayScene.todo.cpp
         rayScene.todo.cpp
       Link:
         c:\Program Files (x86)\Microsoft Visual Studio 10.0\VC\bin\link.exe /ERRORREPORT:PROMPT /OUT:"C:\Users\domenic\Thesis\Assignment2\Release\Assignment2.exe" /INCREMENTAL:NO /NOLOGO kernel32.lib user32.lib gdi32.lib winspool.lib comdlg32.lib advapi32.lib shell32.lib ole32.lib oleaut32.lib uuid.lib odbc32.lib odbccp32.lib /MANIFEST /ManifestFile:"Release\Assignment2.exe.intermediate.manifest" /MANIFESTUAC:"level='asInvoker' uiAccess='false'" /PDB:"C:\Users\domenic\Thesis\Assignment2\Release\Assignment2.pdb" /SUBSYSTEM:CONSOLE /TLBID:1 /DYNAMICBASE:NO /IMPLIB:"C:\Users\domenic\Thesis\Assignment2\Release\Assignment2.lib" /MACHINE:X86 Release\bmp.obj
         Release\cmdLineParser.obj
         Release\geometry.obj
         Release\geometry.todo.obj
         Release\image.obj
         Release\image.todo.obj
         Release\jpeg.obj
         Release\lineSegments.obj
         Release\lineSegments.todo.obj
         Release\main.obj
         Release\mouse.obj
         Release\rayBox.obj
         Release\rayBox.todo.obj
         Release\rayCamera.obj
         Release\rayCamera.todo.obj
         Release\rayCone.obj
         Release\rayCone.todo.obj
         Release\rayCylinder.obj
         Release\rayCylinder.todo.obj
         Release\rayDirectionalLight.obj
         Release\rayDirectionalLight.todo.obj
         Release\rayFileInstance.obj
         Release\rayGroup.obj
         Release\rayGroup.todo.obj
         Release\rayKey.obj
         Release\rayPointLight.obj
         Release\rayPointLight.todo.obj
         Release\rayScene.obj
         Release\rayScene.todo.obj
         Release\raySphere.obj
         Release\raySphere.todo.obj
         Release\raySpotLight.obj
         Release\raySpotLight.todo.obj
         Release\rayTriangle.obj
         Release\rayTriangle.todo.obj
         Release\rayWindow.obj
         Release\time.obj
         C:\Users\domenic\Thesis\Assignment2\Release\JPEG.lib
         Assignment2.vcxproj -> C:\Users\domenic\Thesis\Assignment2\Release\Assignment2.exe
       Manifest:
         c:\Program Files (x86)\Microsoft SDKs\Windows\v7.0A\bin\mt.exe /nologo /verbose /outputresource:"C:\Users\domenic\Thesis\Assignment2\Release\Assignment2.exe;#1" /manifest Release\Assignment2.exe.intermediate.manifest
       FinalizeBuildStatus:
         Deleting file "Release\Assignment2.unsuccessfulbuild".
         Touching "Release\Assignment2.lastbuildstate".
     1>Done Building Project "C:\Users\domenic\Thesis\Assignment2\Assignment2.vcxproj" (build target(s)).

Build succeeded.

Time Elapsed 00:00:00.90
